Flutter crash report.
Please report a bug at https://github.com/flutter/flutter/issues.

## command

flutter assemble --no-version-check --output=build -dTargetPlatform=windows-x64 -dTrackWidgetCreation=true -dBuildMode=release -dTargetFile=lib\main.dart -dTreeShakeIcons="true" -dDartObfuscation=false --DartDefines=RkxVVFRFUl9WRVJTSU9OPTMuMzIuNg==,RkxVVFRFUl9DSEFOTkVMPXN0YWJsZQ==,RkxVVFRFUl9HSVRfVVJMPWh0dHBzOi8vZ2l0aHViLmNvbS9mbHV0dGVyL2ZsdXR0ZXIuZ2l0,RkxVVFRFUl9GUkFNRVdPUktfUkVWSVNJT049MDc3YjRhNGNlMQ==,RkxVVFRFUl9FTkdJTkVfUkVWSVNJT049NzJmMmIxOGJiMA==,RkxVVFRFUl9EQVJUX1ZFUlNJT049My44LjE= release_bundle_windows-x64_assets

## exception

PathAccessException: PathAccessException: Cannot delete file, path = 'D:\Projects\Flutter Projects\app2\build\flutter_assets\kernel_blob.bin' (OS Error: The process cannot access the file because it is being used by another process.
, errno = 32)

```
#0      _File.throwIfError (dart:io/file_impl.dart:782:7)
#1      _File._deleteSync (dart:io/file_impl.dart:367:5)
#2      FileSystemEntity.deleteSync (dart:io/file_system_entity.dart:425:7)
#3      ForwardingFileSystemEntity.deleteSync (package:file/src/forwarding/forwarding_file_system_entity.dart:70:16)
#4      ForwardingFileSystemEntity.deleteSync (package:file/src/forwarding/forwarding_file_system_entity.dart:70:16)
#5      ErrorHandlingFileSystem.deleteIfExists (package:flutter_tools/src/base/error_handling_io.dart:90:14)
#6      FlutterBuildSystem.trackSharedBuildDirectory (package:flutter_tools/src/build_system/build_system.dart:777:33)
#7      FlutterBuildSystem.build (package:flutter_tools/src/build_system/build_system.dart:658:5)
<asynchronous suspension>
#8      AssembleCommand.runCommand (package:flutter_tools/src/commands/assemble.dart:346:32)
<asynchronous suspension>
#9      FlutterCommand.run.<anonymous closure> (package:flutter_tools/src/runner/flutter_command.dart:1563:27)
<asynchronous suspension>
#10     AppContext.run.<anonymous closure> (package:flutter_tools/src/base/context.dart:154:19)
<asynchronous suspension>
#11     CommandRunner.runCommand (package:args/command_runner.dart:212:13)
<asynchronous suspension>
#12     FlutterCommandRunner.runCommand.<anonymous closure> (package:flutter_tools/src/runner/flutter_command_runner.dart:494:9)
<asynchronous suspension>
#13     AppContext.run.<anonymous closure> (package:flutter_tools/src/base/context.dart:154:19)
<asynchronous suspension>
#14     FlutterCommandRunner.runCommand (package:flutter_tools/src/runner/flutter_command_runner.dart:431:5)
<asynchronous suspension>
#15     run.<anonymous closure>.<anonymous closure> (package:flutter_tools/runner.dart:98:11)
<asynchronous suspension>
#16     AppContext.run.<anonymous closure> (package:flutter_tools/src/base/context.dart:154:19)
<asynchronous suspension>
#17     main (package:flutter_tools/executable.dart:102:3)
<asynchronous suspension>
```

## flutter doctor

```
[✓] Flutter (Channel stable, 3.32.6, on Microsoft Windows [Version 10.0.22631.6060], locale en-US) [577ms]
    • Flutter version 3.32.6 on channel stable at D:\Projects\flutter
    • Upstream repository https://github.com/flutter/flutter.git
    • Framework revision 077b4a4ce1 (3 months ago), 2025-07-08 13:31:08 -0700
    • Engine revision 72f2b18bb0
    • Dart version 3.8.1
    • DevTools version 2.45.1

[✓] Windows Version (11 Pro 64-bit, 23H2, 2009) [2.9s]

[!] Android toolchain - develop for Android devices (Android SDK version 35.0.0) [5.6s]
    • Android SDK at C:\Users\Admin\AppData\Local\Android\sdk
    • Platform android-35, build-tools 35.0.0
    • Java binary at: C:\Program Files\OpenLogic\jdk-17.0.14.7-hotspot\bin\java
      This JDK is specified in your Flutter configuration.
      To change the current JDK, run: `flutter config --jdk-dir="path/to/jdk"`.
    • Java version OpenJDK Runtime Environment OpenLogic-OpenJDK (build 17.0.14+7-adhoc..jdk17u)
    ! Some Android licenses not accepted. To resolve this, run: flutter doctor --android-licenses

[✓] Chrome - develop for the web [108ms]
    • Chrome at C:\Users\Admin\AppData\Local\Google\Chrome\Application\chrome.exe

[✓] Visual Studio - develop Windows apps (Visual Studio Professional 2022 17.13.6) [107ms]
    • Visual Studio at C:\Program Files\Microsoft Visual Studio\2022\Professional
    • Visual Studio Professional 2022 version 17.13.35931.197
    • Windows 10 SDK version 10.0.22621.0

[!] Android Studio (not installed) [20ms]
    • Android Studio not found; download from https://developer.android.com/studio/index.html
      (or visit https://flutter.dev/to/windows-android-setup for detailed instructions).

[✓] VS Code (version 1.104.0) [20ms]
    • VS Code at C:\Users\Admin\AppData\Local\Programs\Microsoft VS Code
    • Flutter extension version 3.120.0

[✓] Connected device (3 available) [244ms]
    • Windows (desktop) • windows • windows-x64    • Microsoft Windows [Version 10.0.22631.6060]
    • Chrome (web)      • chrome  • web-javascript • Google Chrome 141.0.7390.77
    • Edge (web)        • edge    • web-javascript • Microsoft Edge 141.0.3537.85

[✓] Network resources [2.8s]
    • All expected network resources are available.

! Doctor found issues in 2 categories.
```
